<?xml version="1.0" encoding="UTF-8"?>
<beans xmlns="http://www.springframework.org/schema/beans"
	xmlns:xsi="http://www.w3.org/2001/XMLSchema-instance"
	xmlns:context="http://www.springframework.org/schema/context"
	xmlns:jdbc="http://www.springframework.org/schema/jdbc"
	xmlns:tx="http://www.springframework.org/schema/tx"
	xsi:schemaLocation="http://www.springframework.org/schema/beans http://www.springframework.org/schema/beans/spring-beans-3.0.xsd
		http://www.springframework.org/schema/context http://www.springframework.org/schema/context/spring-context-3.0.xsd
		http://www.springframework.org/schema/jdbc http://www.springframework.org/schema/jdbc/spring-jdbc-3.0.xsd
		http://www.springframework.org/schema/tx http://www.springframework.org/schema/tx/spring-tx-3.0.xsd">
	
	
	<!-- import resource="classpath:application-config.xml"/  27-03-2011 -->
	<context:component-scan base-package="edu/upc/cartelerag6/cartelerag6"/>

	<!-- Embedded H2 Database -->		
	<jdbc:embedded-database id="dataSource" type="H2">
		<jdbc:script location="classpath:testdb/schemaCatelera.sql"/>
		<jdbc:script location="classpath:testdb/test-dataCartelera.sql"/>
	</jdbc:embedded-database>
	
	
	<!-- Local, JDBC-based TransactionManager -->
	<bean id="transactionManager" class="org.springframework.jdbc.datasource.DataSourceTransactionManager">
		<property name="dataSource" ref="dataSource" />
	</bean>
				
</beans>